<?xml version="1.0" encoding="UTF-8"?>
<!-- Generated by org.testng.reporters.JUnitReportReporter -->
<testsuite hostname="AhmedMagamy" name="test.TestNG_Demo" tests="1" failures="0" timestamp="11 Aug 2018 15:42:39 GMT" time="17.598" errors="0">
  <testcase name="test1" time="17.598" classname="test.TestNG_Demo"/>
</testsuite> <!-- test.TestNG_Demo -->
