<?xml version="1.0" encoding="UTF-8"?>
<!-- Generated by org.testng.reporters.JUnitReportReporter -->
<testsuite hostname="AhmedMagamy" name="utils.ExcelDataProvider" tests="5" failures="0" timestamp="2 Sep 2018 15:17:25 GMT" time="19.310" errors="0">
  <testcase name="test1" time="8.062" classname="utils.ExcelDataProvider"/>
  <testcase name="test1" time="2.854" classname="utils.ExcelDataProvider"/>
  <testcase name="test1" time="2.773" classname="utils.ExcelDataProvider"/>
  <testcase name="test1" time="2.923" classname="utils.ExcelDataProvider"/>
  <testcase name="test1" time="2.698" classname="utils.ExcelDataProvider"/>
</testsuite> <!-- utils.ExcelDataProvider -->
