<?xml version="1.0" encoding="UTF-8"?>
<!-- Generated by org.testng.reporters.JUnitReportReporter -->
<testsuite hostname="AhmedMagamy" name="ExtentReportsDemoWithTestNG" tests="1" failures="0" timestamp="11 Aug 2018 15:31:07 GMT" time="8.649" errors="0">
  <testcase name="test1" time="8.649" classname="ExtentReportsDemoWithTestNG"/>
</testsuite> <!-- ExtentReportsDemoWithTestNG -->
