<?xml version="1.0" encoding="UTF-8"?>
<!-- Generated by org.testng.reporters.JUnitReportReporter -->
<testsuite hostname="AhmedMagamy" name="test.TestNG_Demo2" tests="1" failures="0" timestamp="11 Aug 2018 15:42:39 GMT" time="16.968" errors="0">
  <testcase name="test2" time="16.968" classname="test.TestNG_Demo2"/>
</testsuite> <!-- test.TestNG_Demo2 -->
