<?xml version="1.0" encoding="UTF-8"?>
<!-- Generated by org.testng.reporters.JUnitReportReporter -->
<testsuite hostname="AhmedMagamy" name="DataDrivenLogin" tests="1" failures="0" timestamp="2 Sep 2018 14:08:20 GMT" time="4.778" errors="0">
  <testcase name="testlogin" time="4.778" classname="DataDrivenLogin"/>
</testsuite> <!-- DataDrivenLogin -->
